<?xml version="1.0" encoding="UTF-8"?>
<testsuite name="com.ex.tests.RectangleTests" tests="1" skipped="0" failures="0" errors="0" timestamp="2021-04-22T19:42:30" hostname="REV-P20686S8" time="0.007">
  <properties/>
  <testcase name="rectWithHeight2ShouldHaveAreaOf0" classname="com.ex.tests.RectangleTests" time="0.007"/>
  <system-out><![CDATA[]]></system-out>
  <system-err><![CDATA[]]></system-err>
</testsuite>
